/home/orin/VISION/install/vision_pkg/lib/python3.10/site-packages/vision_pkg/localisation2.py
/home/orin/VISION/install/vision_pkg/lib/python3.10/site-packages/vision_pkg/groundmapping.py
/home/orin/VISION/install/vision_pkg/lib/python3.10/site-packages/vision_pkg/vision.py
/home/orin/VISION/install/vision_pkg/lib/python3.10/site-packages/vision_pkg/robot_end.py
/home/orin/VISION/install/vision_pkg/lib/python3.10/site-packages/vision_pkg/buildtrt.py
/home/orin/VISION/install/vision_pkg/lib/python3.10/site-packages/vision_pkg/vision_example_use.py
/home/orin/VISION/install/vision_pkg/lib/python3.10/site-packages/vision_pkg/__init__.py
/home/orin/VISION/install/vision_pkg/lib/python3.10/site-packages/vision_pkg/utilities.py
/home/orin/VISION/install/vision_pkg/lib/python3.10/site-packages/vision_pkg/hardware.py
/home/orin/VISION/install/vision_pkg/lib/python3.10/site-packages/vision_pkg/vision_image.py
/home/orin/VISION/install/vision_pkg/lib/python3.10/site-packages/vision_pkg/localisation.py
/home/orin/VISION/install/vision_pkg/lib/python3.10/site-packages/vision_pkg/__pycache__/localisation2.cpython-310.pyc
/home/orin/VISION/install/vision_pkg/lib/python3.10/site-packages/vision_pkg/__pycache__/groundmapping.cpython-310.pyc
/home/orin/VISION/install/vision_pkg/lib/python3.10/site-packages/vision_pkg/__pycache__/vision.cpython-310.pyc
/home/orin/VISION/install/vision_pkg/lib/python3.10/site-packages/vision_pkg/__pycache__/robot_end.cpython-310.pyc
/home/orin/VISION/install/vision_pkg/lib/python3.10/site-packages/vision_pkg/__pycache__/buildtrt.cpython-310.pyc
/home/orin/VISION/install/vision_pkg/lib/python3.10/site-packages/vision_pkg/__pycache__/vision_example_use.cpython-310.pyc
/home/orin/VISION/install/vision_pkg/lib/python3.10/site-packages/vision_pkg/__pycache__/__init__.cpython-310.pyc
/home/orin/VISION/install/vision_pkg/lib/python3.10/site-packages/vision_pkg/__pycache__/utilities.cpython-310.pyc
/home/orin/VISION/install/vision_pkg/lib/python3.10/site-packages/vision_pkg/__pycache__/hardware.cpython-310.pyc
/home/orin/VISION/install/vision_pkg/lib/python3.10/site-packages/vision_pkg/__pycache__/vision_image.cpython-310.pyc
/home/orin/VISION/install/vision_pkg/lib/python3.10/site-packages/vision_pkg/__pycache__/localisation.cpython-310.pyc
/home/orin/VISION/install/vision_pkg/share/ament_index/resource_index/packages/vision_pkg
/home/orin/VISION/install/vision_pkg/share/vision_pkg/package.xml
/home/orin/VISION/install/vision_pkg/lib/python3.10/site-packages/vision_pkg-0.0.0-py3.10.egg-info/top_level.txt
/home/orin/VISION/install/vision_pkg/lib/python3.10/site-packages/vision_pkg-0.0.0-py3.10.egg-info/entry_points.txt
/home/orin/VISION/install/vision_pkg/lib/python3.10/site-packages/vision_pkg-0.0.0-py3.10.egg-info/dependency_links.txt
/home/orin/VISION/install/vision_pkg/lib/python3.10/site-packages/vision_pkg-0.0.0-py3.10.egg-info/requires.txt
/home/orin/VISION/install/vision_pkg/lib/python3.10/site-packages/vision_pkg-0.0.0-py3.10.egg-info/PKG-INFO
/home/orin/VISION/install/vision_pkg/lib/python3.10/site-packages/vision_pkg-0.0.0-py3.10.egg-info/zip-safe
/home/orin/VISION/install/vision_pkg/lib/python3.10/site-packages/vision_pkg-0.0.0-py3.10.egg-info/SOURCES.txt
/home/orin/VISION/install/vision_pkg/lib/vision_pkg/communication
/home/orin/VISION/install/vision_pkg/lib/vision_pkg/hardware
/home/orin/VISION/install/vision_pkg/lib/vision_pkg/vision
