running egg_info
writing ../../build/vision_pkg/vision_pkg.egg-info/PKG-INFO
writing dependency_links to ../../build/vision_pkg/vision_pkg.egg-info/dependency_links.txt
writing entry points to ../../build/vision_pkg/vision_pkg.egg-info/entry_points.txt
writing requirements to ../../build/vision_pkg/vision_pkg.egg-info/requires.txt
writing top-level names to ../../build/vision_pkg/vision_pkg.egg-info/top_level.txt
reading manifest file '../../build/vision_pkg/vision_pkg.egg-info/SOURCES.txt'
writing manifest file '../../build/vision_pkg/vision_pkg.egg-info/SOURCES.txt'
running build
running build_py
copying vision_pkg/groundmapping.py -> /home/orin/VISION/build/vision_pkg/build/lib/vision_pkg
copying vision_pkg/vision.py -> /home/orin/VISION/build/vision_pkg/build/lib/vision_pkg
copying vision_pkg/utilities.py -> /home/orin/VISION/build/vision_pkg/build/lib/vision_pkg
running install
running install_lib
copying /home/orin/VISION/build/vision_pkg/build/lib/vision_pkg/groundmapping.py -> /home/orin/VISION/install/vision_pkg/lib/python3.10/site-packages/vision_pkg
copying /home/orin/VISION/build/vision_pkg/build/lib/vision_pkg/vision.py -> /home/orin/VISION/install/vision_pkg/lib/python3.10/site-packages/vision_pkg
copying /home/orin/VISION/build/vision_pkg/build/lib/vision_pkg/utilities.py -> /home/orin/VISION/install/vision_pkg/lib/python3.10/site-packages/vision_pkg
byte-compiling /home/orin/VISION/install/vision_pkg/lib/python3.10/site-packages/vision_pkg/groundmapping.py to groundmapping.cpython-310.pyc
byte-compiling /home/orin/VISION/install/vision_pkg/lib/python3.10/site-packages/vision_pkg/vision.py to vision.cpython-310.pyc
byte-compiling /home/orin/VISION/install/vision_pkg/lib/python3.10/site-packages/vision_pkg/utilities.py to utilities.cpython-310.pyc
running install_data
running install_egg_info
removing '/home/orin/VISION/install/vision_pkg/lib/python3.10/site-packages/vision_pkg-0.0.0-py3.10.egg-info' (and everything under it)
Copying ../../build/vision_pkg/vision_pkg.egg-info to /home/orin/VISION/install/vision_pkg/lib/python3.10/site-packages/vision_pkg-0.0.0-py3.10.egg-info
running install_scripts
Installing communication script to /home/orin/VISION/install/vision_pkg/lib/vision_pkg
Installing hardware script to /home/orin/VISION/install/vision_pkg/lib/vision_pkg
Installing vision script to /home/orin/VISION/install/vision_pkg/lib/vision_pkg
writing list of installed files to '/home/orin/VISION/build/vision_pkg/install.log'
