[1.148s] Invoking command in '/home/orin/VISION/src/vision_pkg': PYTHONPATH=/home/orin/VISION/build/vision_pkg/prefix_override:/usr/lib/python3/dist-packages/colcon_core/task/python/colcon_distutils_commands:/home/orin/VISION/install/vision_pkg/lib/python3.10/site-packages:${PYTHONPATH} /usr/bin/python3 -W ignore:setup.py install is deprecated -W ignore:easy_install command is deprecated setup.py egg_info --egg-base ../../build/vision_pkg build --build-base /home/orin/VISION/build/vision_pkg/build install --record /home/orin/VISION/build/vision_pkg/install.log --single-version-externally-managed install_data
[1.564s] running egg_info
[1.565s] creating ../../build/vision_pkg/vision_pkg.egg-info
[1.565s] writing ../../build/vision_pkg/vision_pkg.egg-info/PKG-INFO
[1.566s] writing dependency_links to ../../build/vision_pkg/vision_pkg.egg-info/dependency_links.txt
[1.567s] writing entry points to ../../build/vision_pkg/vision_pkg.egg-info/entry_points.txt
[1.567s] writing requirements to ../../build/vision_pkg/vision_pkg.egg-info/requires.txt
[1.567s] writing top-level names to ../../build/vision_pkg/vision_pkg.egg-info/top_level.txt
[1.567s] writing manifest file '../../build/vision_pkg/vision_pkg.egg-info/SOURCES.txt'
[1.570s] reading manifest file '../../build/vision_pkg/vision_pkg.egg-info/SOURCES.txt'
[1.571s] writing manifest file '../../build/vision_pkg/vision_pkg.egg-info/SOURCES.txt'
[1.571s] running build
[1.572s] running build_py
[1.572s] creating /home/orin/VISION/build/vision_pkg/build
[1.572s] creating /home/orin/VISION/build/vision_pkg/build/lib
[1.573s] creating /home/orin/VISION/build/vision_pkg/build/lib/vision_pkg
[1.573s] copying vision_pkg/localisation2.py -> /home/orin/VISION/build/vision_pkg/build/lib/vision_pkg
[1.573s] copying vision_pkg/groundmapping.py -> /home/orin/VISION/build/vision_pkg/build/lib/vision_pkg
[1.574s] copying vision_pkg/vision.py -> /home/orin/VISION/build/vision_pkg/build/lib/vision_pkg
[1.574s] copying vision_pkg/buildtrt.py -> /home/orin/VISION/build/vision_pkg/build/lib/vision_pkg
[1.574s] copying vision_pkg/vision_example_use.py -> /home/orin/VISION/build/vision_pkg/build/lib/vision_pkg
[1.574s] copying vision_pkg/__init__.py -> /home/orin/VISION/build/vision_pkg/build/lib/vision_pkg
[1.575s] copying vision_pkg/utilities.py -> /home/orin/VISION/build/vision_pkg/build/lib/vision_pkg
[1.575s] copying vision_pkg/hardware.py -> /home/orin/VISION/build/vision_pkg/build/lib/vision_pkg
[1.575s] copying vision_pkg/hardware2.py -> /home/orin/VISION/build/vision_pkg/build/lib/vision_pkg
[1.575s] copying vision_pkg/vision_image.py -> /home/orin/VISION/build/vision_pkg/build/lib/vision_pkg
[1.576s] copying vision_pkg/localisation.py -> /home/orin/VISION/build/vision_pkg/build/lib/vision_pkg
[1.576s] running install
[1.576s] running install_lib
[1.576s] creating /home/orin/VISION/install/vision_pkg/lib/python3.10/site-packages/vision_pkg
[1.577s] copying /home/orin/VISION/build/vision_pkg/build/lib/vision_pkg/localisation2.py -> /home/orin/VISION/install/vision_pkg/lib/python3.10/site-packages/vision_pkg
[1.577s] copying /home/orin/VISION/build/vision_pkg/build/lib/vision_pkg/groundmapping.py -> /home/orin/VISION/install/vision_pkg/lib/python3.10/site-packages/vision_pkg
[1.577s] copying /home/orin/VISION/build/vision_pkg/build/lib/vision_pkg/vision.py -> /home/orin/VISION/install/vision_pkg/lib/python3.10/site-packages/vision_pkg
[1.578s] copying /home/orin/VISION/build/vision_pkg/build/lib/vision_pkg/buildtrt.py -> /home/orin/VISION/install/vision_pkg/lib/python3.10/site-packages/vision_pkg
[1.578s] copying /home/orin/VISION/build/vision_pkg/build/lib/vision_pkg/vision_example_use.py -> /home/orin/VISION/install/vision_pkg/lib/python3.10/site-packages/vision_pkg
[1.578s] copying /home/orin/VISION/build/vision_pkg/build/lib/vision_pkg/__init__.py -> /home/orin/VISION/install/vision_pkg/lib/python3.10/site-packages/vision_pkg
[1.578s] copying /home/orin/VISION/build/vision_pkg/build/lib/vision_pkg/utilities.py -> /home/orin/VISION/install/vision_pkg/lib/python3.10/site-packages/vision_pkg
[1.579s] copying /home/orin/VISION/build/vision_pkg/build/lib/vision_pkg/hardware.py -> /home/orin/VISION/install/vision_pkg/lib/python3.10/site-packages/vision_pkg
[1.579s] copying /home/orin/VISION/build/vision_pkg/build/lib/vision_pkg/hardware2.py -> /home/orin/VISION/install/vision_pkg/lib/python3.10/site-packages/vision_pkg
[1.579s] copying /home/orin/VISION/build/vision_pkg/build/lib/vision_pkg/vision_image.py -> /home/orin/VISION/install/vision_pkg/lib/python3.10/site-packages/vision_pkg
[1.579s] copying /home/orin/VISION/build/vision_pkg/build/lib/vision_pkg/localisation.py -> /home/orin/VISION/install/vision_pkg/lib/python3.10/site-packages/vision_pkg
[1.580s] byte-compiling /home/orin/VISION/install/vision_pkg/lib/python3.10/site-packages/vision_pkg/localisation2.py to localisation2.cpython-310.pyc
[1.582s] byte-compiling /home/orin/VISION/install/vision_pkg/lib/python3.10/site-packages/vision_pkg/groundmapping.py to groundmapping.cpython-310.pyc
[1.585s] byte-compiling /home/orin/VISION/install/vision_pkg/lib/python3.10/site-packages/vision_pkg/vision.py to vision.cpython-310.pyc
[1.587s] byte-compiling /home/orin/VISION/install/vision_pkg/lib/python3.10/site-packages/vision_pkg/buildtrt.py to buildtrt.cpython-310.pyc
[1.588s] byte-compiling /home/orin/VISION/install/vision_pkg/lib/python3.10/site-packages/vision_pkg/vision_example_use.py to vision_example_use.cpython-310.pyc
[1.589s] byte-compiling /home/orin/VISION/install/vision_pkg/lib/python3.10/site-packages/vision_pkg/__init__.py to __init__.cpython-310.pyc
[1.589s] byte-compiling /home/orin/VISION/install/vision_pkg/lib/python3.10/site-packages/vision_pkg/utilities.py to utilities.cpython-310.pyc
[1.591s] byte-compiling /home/orin/VISION/install/vision_pkg/lib/python3.10/site-packages/vision_pkg/hardware.py to hardware.cpython-310.pyc
[1.593s] byte-compiling /home/orin/VISION/install/vision_pkg/lib/python3.10/site-packages/vision_pkg/hardware2.py to hardware2.cpython-310.pyc
[1.594s] byte-compiling /home/orin/VISION/install/vision_pkg/lib/python3.10/site-packages/vision_pkg/vision_image.py to vision_image.cpython-310.pyc
[1.595s] byte-compiling /home/orin/VISION/install/vision_pkg/lib/python3.10/site-packages/vision_pkg/localisation.py to localisation.cpython-310.pyc
[1.597s] running install_data
[1.598s] creating /home/orin/VISION/install/vision_pkg/share/ament_index
[1.598s] creating /home/orin/VISION/install/vision_pkg/share/ament_index/resource_index
[1.598s] creating /home/orin/VISION/install/vision_pkg/share/ament_index/resource_index/packages
[1.599s] copying resource/vision_pkg -> /home/orin/VISION/install/vision_pkg/share/ament_index/resource_index/packages
[1.599s] copying package.xml -> /home/orin/VISION/install/vision_pkg/share/vision_pkg
[1.599s] running install_egg_info
[1.601s] Copying ../../build/vision_pkg/vision_pkg.egg-info to /home/orin/VISION/install/vision_pkg/lib/python3.10/site-packages/vision_pkg-0.0.0-py3.10.egg-info
[1.603s] running install_scripts
[1.636s] Installing hardware script to /home/orin/VISION/install/vision_pkg/lib/vision_pkg
[1.637s] writing list of installed files to '/home/orin/VISION/build/vision_pkg/install.log'
[1.699s] Invoked command in '/home/orin/VISION/src/vision_pkg' returned '0': PYTHONPATH=/home/orin/VISION/build/vision_pkg/prefix_override:/usr/lib/python3/dist-packages/colcon_core/task/python/colcon_distutils_commands:/home/orin/VISION/install/vision_pkg/lib/python3.10/site-packages:${PYTHONPATH} /usr/bin/python3 -W ignore:setup.py install is deprecated -W ignore:easy_install command is deprecated setup.py egg_info --egg-base ../../build/vision_pkg build --build-base /home/orin/VISION/build/vision_pkg/build install --record /home/orin/VISION/build/vision_pkg/install.log --single-version-externally-managed install_data
