[1.163s] Invoking command in '/home/orin/VISION/build/vision_pkg': PYTHONPATH=/home/orin/VISION/build/vision_pkg/prefix_override:/usr/lib/python3/dist-packages/colcon_core/task/python/colcon_distutils_commands:/home/orin/VISION/install/vision_pkg/lib/python3.10/site-packages:${PYTHONPATH} /usr/bin/python3 -W ignore:setup.py install is deprecated -W ignore:easy_install command is deprecated setup.py develop --uninstall --editable --build-directory /home/orin/VISION/build/vision_pkg/build
[1.619s] running develop
[1.947s] Removing /home/orin/VISION/install/vision_pkg/lib/python3.10/site-packages/vision-pkg.egg-link (link to .)
[2.018s] Invoked command in '/home/orin/VISION/build/vision_pkg' returned '0': PYTHONPATH=/home/orin/VISION/build/vision_pkg/prefix_override:/usr/lib/python3/dist-packages/colcon_core/task/python/colcon_distutils_commands:/home/orin/VISION/install/vision_pkg/lib/python3.10/site-packages:${PYTHONPATH} /usr/bin/python3 -W ignore:setup.py install is deprecated -W ignore:easy_install command is deprecated setup.py develop --uninstall --editable --build-directory /home/orin/VISION/build/vision_pkg/build
[2.023s] Invoking command in '/home/orin/VISION/src/vision_pkg': PYTHONPATH=/home/orin/VISION/build/vision_pkg/prefix_override:/usr/lib/python3/dist-packages/colcon_core/task/python/colcon_distutils_commands:/home/orin/VISION/install/vision_pkg/lib/python3.10/site-packages:${PYTHONPATH} /usr/bin/python3 -W ignore:setup.py install is deprecated -W ignore:easy_install command is deprecated setup.py egg_info --egg-base ../../build/vision_pkg build --build-base /home/orin/VISION/build/vision_pkg/build install --record /home/orin/VISION/build/vision_pkg/install.log --single-version-externally-managed install_data --force
[2.457s] running egg_info
[2.458s] writing ../../build/vision_pkg/vision_pkg.egg-info/PKG-INFO
[2.459s] writing dependency_links to ../../build/vision_pkg/vision_pkg.egg-info/dependency_links.txt
[2.460s] writing entry points to ../../build/vision_pkg/vision_pkg.egg-info/entry_points.txt
[2.460s] writing requirements to ../../build/vision_pkg/vision_pkg.egg-info/requires.txt
[2.460s] writing top-level names to ../../build/vision_pkg/vision_pkg.egg-info/top_level.txt
[2.464s] reading manifest file '../../build/vision_pkg/vision_pkg.egg-info/SOURCES.txt'
[2.465s] writing manifest file '../../build/vision_pkg/vision_pkg.egg-info/SOURCES.txt'
[2.465s] running build
[2.465s] running build_py
[2.466s] copying vision_pkg/vision.py -> /home/orin/VISION/build/vision_pkg/build/lib/vision_pkg
[2.466s] copying vision_pkg/robot_end.py -> /home/orin/VISION/build/vision_pkg/build/lib/vision_pkg
[2.467s] copying vision_pkg/hardware.py -> /home/orin/VISION/build/vision_pkg/build/lib/vision_pkg
[2.468s] running install
[2.468s] running install_lib
[2.470s] creating /home/orin/VISION/install/vision_pkg/lib/python3.10/site-packages/vision_pkg
[2.470s] copying /home/orin/VISION/build/vision_pkg/build/lib/vision_pkg/localisation2.py -> /home/orin/VISION/install/vision_pkg/lib/python3.10/site-packages/vision_pkg
[2.470s] copying /home/orin/VISION/build/vision_pkg/build/lib/vision_pkg/groundmapping.py -> /home/orin/VISION/install/vision_pkg/lib/python3.10/site-packages/vision_pkg
[2.471s] copying /home/orin/VISION/build/vision_pkg/build/lib/vision_pkg/vision.py -> /home/orin/VISION/install/vision_pkg/lib/python3.10/site-packages/vision_pkg
[2.471s] copying /home/orin/VISION/build/vision_pkg/build/lib/vision_pkg/robot_end.py -> /home/orin/VISION/install/vision_pkg/lib/python3.10/site-packages/vision_pkg
[2.471s] copying /home/orin/VISION/build/vision_pkg/build/lib/vision_pkg/buildtrt.py -> /home/orin/VISION/install/vision_pkg/lib/python3.10/site-packages/vision_pkg
[2.471s] copying /home/orin/VISION/build/vision_pkg/build/lib/vision_pkg/vision_example_use.py -> /home/orin/VISION/install/vision_pkg/lib/python3.10/site-packages/vision_pkg
[2.472s] copying /home/orin/VISION/build/vision_pkg/build/lib/vision_pkg/__init__.py -> /home/orin/VISION/install/vision_pkg/lib/python3.10/site-packages/vision_pkg
[2.472s] copying /home/orin/VISION/build/vision_pkg/build/lib/vision_pkg/utilities.py -> /home/orin/VISION/install/vision_pkg/lib/python3.10/site-packages/vision_pkg
[2.473s] copying /home/orin/VISION/build/vision_pkg/build/lib/vision_pkg/hardware.py -> /home/orin/VISION/install/vision_pkg/lib/python3.10/site-packages/vision_pkg
[2.473s] copying /home/orin/VISION/build/vision_pkg/build/lib/vision_pkg/hardware2.py -> /home/orin/VISION/install/vision_pkg/lib/python3.10/site-packages/vision_pkg
[2.473s] copying /home/orin/VISION/build/vision_pkg/build/lib/vision_pkg/vision_image.py -> /home/orin/VISION/install/vision_pkg/lib/python3.10/site-packages/vision_pkg
[2.474s] copying /home/orin/VISION/build/vision_pkg/build/lib/vision_pkg/localisation.py -> /home/orin/VISION/install/vision_pkg/lib/python3.10/site-packages/vision_pkg
[2.475s] byte-compiling /home/orin/VISION/install/vision_pkg/lib/python3.10/site-packages/vision_pkg/localisation2.py to localisation2.cpython-310.pyc
[2.479s] byte-compiling /home/orin/VISION/install/vision_pkg/lib/python3.10/site-packages/vision_pkg/groundmapping.py to groundmapping.cpython-310.pyc
[2.481s] byte-compiling /home/orin/VISION/install/vision_pkg/lib/python3.10/site-packages/vision_pkg/vision.py to vision.cpython-310.pyc
[2.485s] byte-compiling /home/orin/VISION/install/vision_pkg/lib/python3.10/site-packages/vision_pkg/robot_end.py to robot_end.cpython-310.pyc
[2.486s] byte-compiling /home/orin/VISION/install/vision_pkg/lib/python3.10/site-packages/vision_pkg/buildtrt.py to buildtrt.cpython-310.pyc
[2.487s] byte-compiling /home/orin/VISION/install/vision_pkg/lib/python3.10/site-packages/vision_pkg/vision_example_use.py to vision_example_use.cpython-310.pyc
[2.487s] byte-compiling /home/orin/VISION/install/vision_pkg/lib/python3.10/site-packages/vision_pkg/__init__.py to __init__.cpython-310.pyc
[2.488s] byte-compiling /home/orin/VISION/install/vision_pkg/lib/python3.10/site-packages/vision_pkg/utilities.py to utilities.cpython-310.pyc
[2.490s] byte-compiling /home/orin/VISION/install/vision_pkg/lib/python3.10/site-packages/vision_pkg/hardware.py to hardware.cpython-310.pyc
[2.491s] byte-compiling /home/orin/VISION/install/vision_pkg/lib/python3.10/site-packages/vision_pkg/hardware2.py to hardware2.cpython-310.pyc
[2.493s] byte-compiling /home/orin/VISION/install/vision_pkg/lib/python3.10/site-packages/vision_pkg/vision_image.py to vision_image.cpython-310.pyc
[2.494s] byte-compiling /home/orin/VISION/install/vision_pkg/lib/python3.10/site-packages/vision_pkg/localisation.py to localisation.cpython-310.pyc
[2.496s] running install_data
[2.497s] copying resource/vision_pkg -> /home/orin/VISION/install/vision_pkg/share/ament_index/resource_index/packages
[2.497s] copying package.xml -> /home/orin/VISION/install/vision_pkg/share/vision_pkg
[2.497s] running install_egg_info
[2.500s] Copying ../../build/vision_pkg/vision_pkg.egg-info to /home/orin/VISION/install/vision_pkg/lib/python3.10/site-packages/vision_pkg-0.0.0-py3.10.egg-info
[2.502s] running install_scripts
[2.537s] Installing hardware script to /home/orin/VISION/install/vision_pkg/lib/vision_pkg
[2.538s] Installing vision script to /home/orin/VISION/install/vision_pkg/lib/vision_pkg
[2.538s] writing list of installed files to '/home/orin/VISION/build/vision_pkg/install.log'
[2.604s] Invoked command in '/home/orin/VISION/src/vision_pkg' returned '0': PYTHONPATH=/home/orin/VISION/build/vision_pkg/prefix_override:/usr/lib/python3/dist-packages/colcon_core/task/python/colcon_distutils_commands:/home/orin/VISION/install/vision_pkg/lib/python3.10/site-packages:${PYTHONPATH} /usr/bin/python3 -W ignore:setup.py install is deprecated -W ignore:easy_install command is deprecated setup.py egg_info --egg-base ../../build/vision_pkg build --build-base /home/orin/VISION/build/vision_pkg/build install --record /home/orin/VISION/build/vision_pkg/install.log --single-version-externally-managed install_data --force
